<?xml version="1.0" encoding="UTF-8"?>
<!-- Generated by org.testng.reporters.JUnitReportReporter -->
<testsuite hostname="Sudha" failures="1" tests="84" name="user.runner.TestRunner" time="55.904" errors="6" timestamp="2024-06-25T17:39:54 EDT" skipped="0">
  <testcase classname="user.runner.TestRunner" name="runScenario" time="0.536"/>
  <testcase classname="user.runner.TestRunner" name="runScenario" time="0.508"/>
  <testcase classname="user.runner.TestRunner" name="runScenario" time="0.575"/>
  <testcase classname="user.runner.TestRunner" name="runScenario" time="0.495"/>
  <testcase classname="user.runner.TestRunner" name="runScenario" time="0.542"/>
  <testcase classname="user.runner.TestRunner" name="runScenario" time="0.733"/>
  <testcase classname="user.runner.TestRunner" name="runScenario" time="0.561"/>
  <testcase classname="user.runner.TestRunner" name="runScenario" time="0.598"/>
  <testcase classname="user.runner.TestRunner" name="runScenario" time="0.527"/>
  <testcase classname="user.runner.TestRunner" name="runScenario" time="0.588"/>
  <testcase classname="user.runner.TestRunner" name="runScenario" time="0.919"/>
  <testcase classname="user.runner.TestRunner" name="runScenario" time="0.609"/>
  <testcase classname="user.runner.TestRunner" name="runScenario" time="0.597"/>
  <testcase classname="user.runner.TestRunner" name="runScenario" time="0.523"/>
  <testcase classname="user.runner.TestRunner" name="runScenario" time="0.489"/>
  <testcase classname="user.runner.TestRunner" name="runScenario" time="0.511"/>
  <testcase classname="user.runner.TestRunner" name="runScenario" time="0.776"/>
  <testcase classname="user.runner.TestRunner" name="runScenario" time="0.668"/>
  <testcase classname="user.runner.TestRunner" name="runScenario" time="0.572"/>
  <testcase classname="user.runner.TestRunner" name="runScenario" time="0.516"/>
  <testcase classname="user.runner.TestRunner" name="runScenario" time="0.608"/>
  <testcase classname="user.runner.TestRunner" name="runScenario" time="0.583"/>
  <testcase classname="user.runner.TestRunner" name="runScenario" time="0.615"/>
  <testcase classname="user.runner.TestRunner" name="runScenario" time="0.589"/>
  <testcase classname="user.runner.TestRunner" name="runScenario" time="0.483"/>
  <testcase classname="user.runner.TestRunner" name="runScenario" time="0.941"/>
  <testcase classname="user.runner.TestRunner" name="runScenario" time="0.624">
    <failure message="1 expectation failed.
Expected status code &lt;400&gt; but was &lt;201&gt;.
" type="java.lang.AssertionError">
      <![CDATA[java.lang.AssertionError: 1 expectation failed.
Expected status code <400> but was <201>.

at java.base/jdk.internal.reflect.DirectConstructorHandleAccessor.newInstance(DirectConstructorHandleAccessor.java:67)
at java.base/java.lang.reflect.Constructor.newInstanceWithCaller(Constructor.java:500)
at java.base/java.lang.reflect.Constructor.newInstance(Constructor.java:484)
at org.codehaus.groovy.reflection.CachedConstructor.invoke(CachedConstructor.java:73)
at org.codehaus.groovy.runtime.callsite.ConstructorSite$ConstructorSiteNoUnwrapNoCoerce.callConstructor(ConstructorSite.java:108)
at org.codehaus.groovy.runtime.callsite.CallSiteArray.defaultCallConstructor(CallSiteArray.java:57)
at org.codehaus.groovy.runtime.callsite.AbstractCallSite.callConstructor(AbstractCallSite.java:263)
at org.codehaus.groovy.runtime.callsite.AbstractCallSite.callConstructor(AbstractCallSite.java:277)
at io.restassured.internal.ResponseSpecificationImpl$HamcrestAssertionClosure.validate(ResponseSpecificationImpl.groovy:512)
at io.restassured.internal.ResponseSpecificationImpl$HamcrestAssertionClosure$validate$1.call(Unknown Source)
at io.restassured.internal.ResponseSpecificationImpl.validateResponseIfRequired(ResponseSpecificationImpl.groovy:696)
at io.restassured.internal.ResponseSpecificationImpl.this$2$validateResponseIfRequired(ResponseSpecificationImpl.groovy)
at java.base/jdk.internal.reflect.DirectMethodHandleAccessor.invoke(DirectMethodHandleAccessor.java:104)
at java.base/java.lang.reflect.Method.invoke(Method.java:578)
at org.codehaus.groovy.runtime.callsite.PlainObjectMetaMethodSite.doInvoke(PlainObjectMetaMethodSite.java:43)
at org.codehaus.groovy.runtime.callsite.PogoMetaMethodSite$PogoCachedMethodSiteNoUnwrapNoCoerce.invoke(PogoMetaMethodSite.java:198)
at org.codehaus.groovy.runtime.callsite.PogoMetaMethodSite.callCurrent(PogoMetaMethodSite.java:62)
at org.codehaus.groovy.runtime.callsite.AbstractCallSite.callCurrent(AbstractCallSite.java:185)
at io.restassured.internal.ResponseSpecificationImpl.statusCode(ResponseSpecificationImpl.groovy:135)
at io.restassured.specification.ResponseSpecification$statusCode$0.callCurrent(Unknown Source)
at io.restassured.internal.ResponseSpecificationImpl.statusCode(ResponseSpecificationImpl.groovy:143)
at io.restassured.internal.ValidatableResponseOptionsImpl.statusCode(ValidatableResponseOptionsImpl.java:89)
at user.stepDefinitions.User_StepDefinitions.admin_receives_a_status_code_bad_request(User_StepDefinitions.java:196)
at ✽.Admin receives a status code 400 bad request(file:///C:/Users/sudha/Desktop/Eclipse%20backup/UserAPI/src/test/resources/features/UserNegativeScenarios.feature:7)
]]>
    </failure>
  </testcase> <!-- runScenario -->
  <testcase classname="user.runner.TestRunner" name="runScenario" time="0.510"/>
  <testcase classname="user.runner.TestRunner" name="runScenario" time="8.070"/>
  <testcase classname="user.runner.TestRunner" name="runScenario" time="0.896"/>
  <testcase classname="user.runner.TestRunner" name="runScenario" time="0.639"/>
  <testcase classname="user.runner.TestRunner" name="runScenario" time="0.037">
    <error message="For input string: &quot;abcd40670&quot;" type="java.lang.NumberFormatException">
      <![CDATA[java.lang.NumberFormatException: For input string: "abcd40670"
at java.base/java.lang.NumberFormatException.forInputString(NumberFormatException.java:67)
at java.base/java.lang.Long.parseLong(Long.java:708)
at java.base/java.lang.Long.parseLong(Long.java:831)
at user.stepDefinitions.User_StepDefinitions.admin_sends_put_request_with_invalid_data_from_sheet_and_rownum(User_StepDefinitions.java:217)
at ✽.Admin sends put request with invalid data from sheet "InvalidData" and rownum 13(file:///C:/Users/sudha/Desktop/Eclipse%20backup/UserAPI/src/test/resources/features/UserNegativeScenarios.feature:58)
]]>
    </error>
  </testcase> <!-- runScenario -->
  <testcase classname="user.runner.TestRunner" name="runScenario" time="0.550"/>
  <testcase classname="user.runner.TestRunner" name="runScenario" time="0.476"/>
  <testcase classname="user.runner.TestRunner" name="runScenario" time="0.508"/>
  <testcase classname="user.runner.TestRunner" name="runScenario" time="0.655"/>
  <testcase classname="user.runner.TestRunner" name="runScenario" time="0.475"/>
  <testcase classname="user.runner.TestRunner" name="runScenario" time="1.237"/>
  <testcase classname="user.runner.TestRunner" name="runScenario" time="0.655"/>
  <testcase classname="user.runner.TestRunner" name="runScenario" time="0.715"/>
  <testcase classname="user.runner.TestRunner" name="runScenario" time="0.593"/>
  <testcase classname="user.runner.TestRunner" name="runScenario" time="0.646"/>
  <testcase classname="user.runner.TestRunner" name="runScenario" time="0.818"/>
  <testcase classname="user.runner.TestRunner" name="runScenario" time="0.039">
    <error message="For input string: &quot;&quot;" type="java.lang.NumberFormatException">
      <![CDATA[java.lang.NumberFormatException: For input string: ""
at java.base/java.lang.NumberFormatException.forInputString(NumberFormatException.java:67)
at java.base/java.lang.Long.parseLong(Long.java:718)
at java.base/java.lang.Long.parseLong(Long.java:831)
at user.stepDefinitions.User_StepDefinitions.admin_sends_put_request_with_invalid_data_from_sheet_and_rownum(User_StepDefinitions.java:217)
at ✽.Admin sends put request with invalid data from sheet "InvalidData" and rownum 11(file:///C:/Users/sudha/Desktop/Eclipse%20backup/UserAPI/src/test/resources/features/UserNegativeScenarios.feature:58)
]]>
    </error>
  </testcase> <!-- runScenario -->
  <testcase classname="user.runner.TestRunner" name="runScenario" time="0.582"/>
  <testcase classname="user.runner.TestRunner" name="runScenario" time="0.510"/>
  <testcase classname="user.runner.TestRunner" name="runScenario" time="0.032">
    <error message="For input string: &quot;$%^^&amp;&amp;&amp;$&quot;" type="java.lang.NumberFormatException">
      <![CDATA[java.lang.NumberFormatException: For input string: "$%^^&&&$"
at java.base/java.lang.NumberFormatException.forInputString(NumberFormatException.java:67)
at java.base/java.lang.Long.parseLong(Long.java:694)
at java.base/java.lang.Long.parseLong(Long.java:831)
at user.stepDefinitions.User_StepDefinitions.admin_sends_put_request_with_invalid_data_from_sheet_and_rownum(User_StepDefinitions.java:217)
at ✽.Admin sends put request with invalid data from sheet "InvalidData" and rownum 10(file:///C:/Users/sudha/Desktop/Eclipse%20backup/UserAPI/src/test/resources/features/UserNegativeScenarios.feature:58)
]]>
    </error>
  </testcase> <!-- runScenario -->
  <testcase classname="user.runner.TestRunner" name="runScenario" time="0.681"/>
  <testcase classname="user.runner.TestRunner" name="runScenario" time="0.494"/>
  <testcase classname="user.runner.TestRunner" name="runScenario" time="0.694"/>
  <testcase classname="user.runner.TestRunner" name="runScenario" time="0.543"/>
  <testcase classname="user.runner.TestRunner" name="runScenario" time="0.514"/>
  <testcase classname="user.runner.TestRunner" name="runScenario" time="0.490"/>
  <testcase classname="user.runner.TestRunner" name="runScenario" time="0.491"/>
  <testcase classname="user.runner.TestRunner" name="runScenario" time="0.557"/>
  <testcase classname="user.runner.TestRunner" name="runScenario" time="0.590"/>
  <testcase classname="user.runner.TestRunner" name="runScenario" time="0.141">
    <error message="For input string: &quot;abcd40670&quot;" type="java.lang.NumberFormatException">
      <![CDATA[java.lang.NumberFormatException: For input string: "abcd40670"
at java.base/java.lang.NumberFormatException.forInputString(NumberFormatException.java:67)
at java.base/java.lang.Long.parseLong(Long.java:708)
at java.base/java.lang.Long.parseLong(Long.java:831)
at user.stepDefinitions.User_StepDefinitions.admin_sends_post_request_with_invalid_data_from_sheet_and_rownum(User_StepDefinitions.java:174)
at ✽.Admin sends post request with invalid data from sheet "InvalidData" and rownum 13(file:///C:/Users/sudha/Desktop/Eclipse%20backup/UserAPI/src/test/resources/features/UserNegativeScenarios.feature:6)
]]>
    </error>
  </testcase> <!-- runScenario -->
  <testcase classname="user.runner.TestRunner" name="runScenario" time="0.500"/>
  <testcase classname="user.runner.TestRunner" name="runScenario" time="0.086">
    <error message="For input string: &quot;$%^^&amp;&amp;&amp;$&quot;" type="java.lang.NumberFormatException">
      <![CDATA[java.lang.NumberFormatException: For input string: "$%^^&&&$"
at java.base/java.lang.NumberFormatException.forInputString(NumberFormatException.java:67)
at java.base/java.lang.Long.parseLong(Long.java:694)
at java.base/java.lang.Long.parseLong(Long.java:831)
at user.stepDefinitions.User_StepDefinitions.admin_sends_post_request_with_invalid_data_from_sheet_and_rownum(User_StepDefinitions.java:174)
at ✽.Admin sends post request with invalid data from sheet "InvalidData" and rownum 10(file:///C:/Users/sudha/Desktop/Eclipse%20backup/UserAPI/src/test/resources/features/UserNegativeScenarios.feature:6)
]]>
    </error>
  </testcase> <!-- runScenario -->
  <testcase classname="user.runner.TestRunner" name="runScenario" time="0.610"/>
  <testcase classname="user.runner.TestRunner" name="runScenario" time="0.536"/>
  <testcase classname="user.runner.TestRunner" name="runScenario" time="0.816"/>
  <testcase classname="user.runner.TestRunner" name="runScenario" time="0.498"/>
  <testcase classname="user.runner.TestRunner" name="runScenario" time="0.629"/>
  <testcase classname="user.runner.TestRunner" name="runScenario" time="0.517"/>
  <testcase classname="user.runner.TestRunner" name="runScenario" time="0.484"/>
  <testcase classname="user.runner.TestRunner" name="runScenario" time="0.565"/>
  <testcase classname="user.runner.TestRunner" name="runScenario" time="0.550"/>
  <testcase classname="user.runner.TestRunner" name="runScenario" time="0.519"/>
  <testcase classname="user.runner.TestRunner" name="runScenario" time="0.854"/>
  <testcase classname="user.runner.TestRunner" name="runScenario" time="0.688"/>
  <testcase classname="user.runner.TestRunner" name="runScenario" time="0.715"/>
  <testcase classname="user.runner.TestRunner" name="runScenario" time="0.602"/>
  <testcase classname="user.runner.TestRunner" name="runScenario" time="0.511"/>
  <testcase classname="user.runner.TestRunner" name="runScenario" time="0.541"/>
  <testcase classname="user.runner.TestRunner" name="runScenario" time="0.616"/>
  <testcase classname="user.runner.TestRunner" name="runScenario" time="0.509"/>
  <testcase classname="user.runner.TestRunner" name="runScenario" time="1.641"/>
  <testcase classname="user.runner.TestRunner" name="runScenario" time="0.506"/>
  <testcase classname="user.runner.TestRunner" name="runScenario" time="0.615"/>
  <testcase classname="user.runner.TestRunner" name="runScenario" time="0.507"/>
  <testcase classname="user.runner.TestRunner" name="runScenario" time="0.057">
    <error message="For input string: &quot;&quot;" type="java.lang.NumberFormatException">
      <![CDATA[java.lang.NumberFormatException: For input string: ""
at java.base/java.lang.NumberFormatException.forInputString(NumberFormatException.java:67)
at java.base/java.lang.Long.parseLong(Long.java:718)
at java.base/java.lang.Long.parseLong(Long.java:831)
at user.stepDefinitions.User_StepDefinitions.admin_sends_post_request_with_invalid_data_from_sheet_and_rownum(User_StepDefinitions.java:174)
at ✽.Admin sends post request with invalid data from sheet "InvalidData" and rownum 11(file:///C:/Users/sudha/Desktop/Eclipse%20backup/UserAPI/src/test/resources/features/UserNegativeScenarios.feature:6)
]]>
    </error>
  </testcase> <!-- runScenario -->
  <testcase classname="user.runner.TestRunner" name="runScenario" time="0.600"/>
  <testcase classname="user.runner.TestRunner" name="runScenario" time="0.508"/>
</testsuite> <!-- user.runner.TestRunner -->
